<?xml version="1.0" encoding="UTF-8"?>
<robot generator="Robot 4.1 (Python 3.9.6 on darwin)" generated="20210904 20:12:41.963" rpa="false" schemaversion="2">
<suite id="s1" name="CreateCharaters" source="/Users/laylla.rodrigues/marvel-api/CreateCharaters.robot">
<test id="s1-t1" name="Deve cadastrar um personagem">
<kw name="Set Client Key">
<arg>laylla1@gmail.com</arg>
<kw name="Create Dictionary" library="BuiltIn">
<var>&amp;{usuario}</var>
<arg>email=${email}</arg>
<doc>Creates and returns a dictionary based on the given ``items``.</doc>
<msg timestamp="20210904 20:12:42.359" level="INFO">&amp;{usuario} = { email=laylla1@gmail.com }</msg>
<status status="PASS" starttime="20210904 20:12:42.358" endtime="20210904 20:12:42.359"/>
</kw>
<kw name="POST" library="RequestsLibrary">
<var>${response}</var>
<arg>http://marvel.qaninja.academy/accounts</arg>
<arg>json=${usuario}</arg>
<doc>Sends a POST request.</doc>
<msg timestamp="20210904 20:12:43.085" level="INFO">POST Request : url=http://marvel.qaninja.academy/accounts 
 path_url=/accounts 
 headers={'User-Agent': 'python-requests/2.26.0', 'Accept-Encoding': 'gzip, deflate', 'Accept': '*/*', 'Connection': 'keep-alive', 'Content-Length': '30', 'Content-Type': 'application/json'} 
 body=b'{"email": "laylla1@gmail.com"}' 
 </msg>
<msg timestamp="20210904 20:12:43.086" level="INFO">POST Response : url=http://marvel.qaninja.academy/accounts 
 status=200, reason=OK 
 headers={'Server': 'Cowboy', 'Connection': 'keep-alive', 'X-Powered-By': 'Express', 'Access-Control-Allow-Origin': '*', 'Content-Type': 'application/json; charset=utf-8', 'Content-Length': '41', 'Etag': 'W/"29-xFqtiO07McjhLXocOfnmBy+LC1A"', 'Date': 'Sat, 04 Sep 2021 23:12:43 GMT', 'Via': '1.1 vegur'} 
 body={"client_key":"6133cdf2a382520016a4b6f6"} 
 </msg>
<msg timestamp="20210904 20:12:43.086" level="INFO">${response} = &lt;Response [200]&gt;</msg>
<status status="PASS" starttime="20210904 20:12:42.359" endtime="20210904 20:12:43.086"/>
</kw>
<kw name="Set Variable" library="BuiltIn">
<var>${client_key}</var>
<arg>${response.json()}[client_key]</arg>
<doc>Returns the given values which can then be assigned to a variables.</doc>
<msg timestamp="20210904 20:12:43.088" level="INFO">${client_key} = 6133cdf2a382520016a4b6f6</msg>
<status status="PASS" starttime="20210904 20:12:43.086" endtime="20210904 20:12:43.088"/>
</kw>
<kw name="Create Dictionary" library="BuiltIn">
<var>&amp;{HEADERS}</var>
<arg>client_key=${client_key}</arg>
<doc>Creates and returns a dictionary based on the given ``items``.</doc>
<msg timestamp="20210904 20:12:43.088" level="INFO">&amp;{HEADERS} = { client_key=6133cdf2a382520016a4b6f6 }</msg>
<status status="PASS" starttime="20210904 20:12:43.088" endtime="20210904 20:12:43.089"/>
</kw>
<kw name="Set Suite Variable" library="BuiltIn">
<arg>${HEADERS}</arg>
<doc>Makes a variable available everywhere within the scope of the current suite.</doc>
<msg timestamp="20210904 20:12:43.089" level="INFO">${HEADERS} = {'client_key': '6133cdf2a382520016a4b6f6'}</msg>
<status status="PASS" starttime="20210904 20:12:43.089" endtime="20210904 20:12:43.089"/>
</kw>
<status status="PASS" starttime="20210904 20:12:42.357" endtime="20210904 20:12:43.089"/>
</kw>
<kw name="Factory Thanos" library="Thanos">
<var>&amp;{personagem}</var>
<msg timestamp="20210904 20:12:43.091" level="INFO">&amp;{personagem} = { name=Melissa Smith | aliases=Thanos | age=3000 | team=Ordem Negra | active=False }</msg>
<status status="PASS" starttime="20210904 20:12:43.090" endtime="20210904 20:12:43.091"/>
</kw>
<kw name="POST" library="RequestsLibrary">
<var>${response}</var>
<arg>http://marvel.qaninja.academy/characters/</arg>
<arg>json=${personagem}</arg>
<arg>headers=${headers}</arg>
<doc>Sends a POST request.</doc>
<msg timestamp="20210904 20:12:43.395" level="INFO">POST Request : url=http://marvel.qaninja.academy/characters/ 
 path_url=/characters/ 
 headers={'User-Agent': 'python-requests/2.26.0', 'Accept-Encoding': 'gzip, deflate', 'Accept': '*/*', 'Connection': 'keep-alive', 'client_key': '6133cdf2a382520016a4b6f6', 'Content-Length': '99', 'Content-Type': 'application/json'} 
 body=b'{"name": "Melissa Smith", "aliases": "Thanos", "age": 3000, "team": "Ordem Negra", "active": false}' 
 </msg>
<msg timestamp="20210904 20:12:43.395" level="INFO">POST Response : url=http://marvel.qaninja.academy/characters/ 
 status=200, reason=OK 
 headers={'Server': 'Cowboy', 'Connection': 'keep-alive', 'X-Powered-By': 'Express', 'Access-Control-Allow-Origin': '*', 'Content-Type': 'application/json; charset=utf-8', 'Content-Length': '158', 'Etag': 'W/"9e-zMz7HPcwGLcbUIlcKXFcNzAvBrM"', 'Date': 'Sat, 04 Sep 2021 23:12:43 GMT', 'Via': '1.1 vegur'} 
 body={"_id":"6133fd6ba382520016a4bc37","name":"Melissa Smith","age":3000,"aliases":"Thanos","team":"Ordem Negra","active":false,"owner":"6133cdf2a382520016a4b6f6"} 
 </msg>
<msg timestamp="20210904 20:12:43.395" level="INFO">${response} = &lt;Response [200]&gt;</msg>
<status status="PASS" starttime="20210904 20:12:43.091" endtime="20210904 20:12:43.395"/>
</kw>
<kw name="Status Should Be" library="RequestsLibrary">
<arg>200</arg>
<arg>${response}</arg>
<doc>Fails if response status code is different than the expected.</doc>
<status status="PASS" starttime="20210904 20:12:43.396" endtime="20210904 20:12:43.397"/>
</kw>
<status status="PASS" starttime="20210904 20:12:42.356" endtime="20210904 20:12:43.397"/>
</test>
<doc>Suite de teste do cadastro de personagens na API da Marvel</doc>
<status status="PASS" starttime="20210904 20:12:41.964" endtime="20210904 20:12:43.399"/>
</suite>
<statistics>
<total>
<stat pass="1" fail="0" skip="0">All Tests</stat>
</total>
<tag>
</tag>
<suite>
<stat pass="1" fail="0" skip="0" id="s1" name="CreateCharaters">CreateCharaters</stat>
</suite>
</statistics>
<errors>
</errors>
</robot>
