<?xml version="1.0" encoding="UTF-8"?>
<robot generator="Robot 4.1 (Python 3.9.6 on darwin)" generated="20210904 15:57:15.680" rpa="false" schemaversion="2">
<suite id="s1" name="CreateCharaters" source="/Users/laylla.rodrigues/marvel-api/CreateCharaters.robot">
<test id="s1-t1" name="Deve cadastrar um personagem">
<kw name="Account And Set Headers">
<arg>layllao@gmail.com</arg>
<kw name="Create Dictionary" library="BuiltIn">
<var>&amp;{usuario}</var>
<arg>email=${email}</arg>
<doc>Creates and returns a dictionary based on the given ``items``.</doc>
<msg timestamp="20210904 15:57:15.983" level="INFO">&amp;{usuario} = { email=layllao@gmail.com }</msg>
<status status="PASS" starttime="20210904 15:57:15.982" endtime="20210904 15:57:15.983"/>
</kw>
<kw name="POST" library="RequestsLibrary">
<var>${response}</var>
<arg>http://marvel.qaninja.academy/accounts</arg>
<arg>json=${usuario}</arg>
<doc>Sends a POST request.</doc>
<msg timestamp="20210904 15:57:17.382" level="INFO">POST Request : url=http://marvel.qaninja.academy/accounts 
 path_url=/accounts 
 headers={'User-Agent': 'python-requests/2.26.0', 'Accept-Encoding': 'gzip, deflate', 'Accept': '*/*', 'Connection': 'keep-alive', 'Content-Length': '30', 'Content-Type': 'application/json'} 
 body=b'{"email": "layllao@gmail.com"}' 
 </msg>
<msg timestamp="20210904 15:57:17.382" level="INFO">POST Response : url=http://marvel.qaninja.academy/accounts 
 status=200, reason=OK 
 headers={'Server': 'Cowboy', 'Connection': 'keep-alive', 'X-Powered-By': 'Express', 'Access-Control-Allow-Origin': '*', 'Content-Type': 'application/json; charset=utf-8', 'Content-Length': '41', 'Etag': 'W/"29-X+XQoXXjTAg+W6Vy9m9z5/FnDoo"', 'Date': 'Sat, 04 Sep 2021 18:57:17 GMT', 'Via': '1.1 vegur'} 
 body={"client_key":"6133b47da382520016a4b582"} 
 </msg>
<msg timestamp="20210904 15:57:17.383" level="INFO">${response} = &lt;Response [200]&gt;</msg>
<status status="PASS" starttime="20210904 15:57:15.984" endtime="20210904 15:57:17.383"/>
</kw>
<kw name="Set Variable" library="BuiltIn">
<var>${client_key}</var>
<arg>${response.json()}[client_key]</arg>
<doc>Returns the given values which can then be assigned to a variables.</doc>
<msg timestamp="20210904 15:57:17.384" level="INFO">${client_key} = 6133b47da382520016a4b582</msg>
<status status="PASS" starttime="20210904 15:57:17.383" endtime="20210904 15:57:17.384"/>
</kw>
<kw name="Create Dictionary" library="BuiltIn">
<var>&amp;{HEADERS}</var>
<arg>client_key=${client_key}</arg>
<doc>Creates and returns a dictionary based on the given ``items``.</doc>
<msg timestamp="20210904 15:57:17.385" level="INFO">&amp;{HEADERS} = { client_key=6133b47da382520016a4b582 }</msg>
<status status="PASS" starttime="20210904 15:57:17.384" endtime="20210904 15:57:17.385"/>
</kw>
<kw name="Set Suite Variable" library="BuiltIn">
<arg>${HEADERS}</arg>
<doc>Makes a variable available everywhere within the scope of the current suite.</doc>
<msg timestamp="20210904 15:57:17.385" level="INFO">${HEADERS} = {'client_key': '6133b47da382520016a4b582'}</msg>
<status status="PASS" starttime="20210904 15:57:17.385" endtime="20210904 15:57:17.385"/>
</kw>
<status status="PASS" starttime="20210904 15:57:15.982" endtime="20210904 15:57:17.386"/>
</kw>
<kw name="Factory Thanos" library="Thanos">
<var>&amp;{personagem}</var>
<msg timestamp="20210904 15:57:17.387" level="INFO">&amp;{personagem} = { name=Brian Thompson | aliases=Thanos | age=3000 | team=Ordem Negra | active=False }</msg>
<status status="PASS" starttime="20210904 15:57:17.386" endtime="20210904 15:57:17.387"/>
</kw>
<kw name="POST" library="RequestsLibrary">
<var>${response}</var>
<arg>http://marvel.qaninja.academy/characters/</arg>
<arg>json=${personagem}</arg>
<arg>headers=${headers}</arg>
<doc>Sends a POST request.</doc>
<msg timestamp="20210904 15:57:17.681" level="INFO">POST Request : url=http://marvel.qaninja.academy/characters/ 
 path_url=/characters/ 
 headers={'User-Agent': 'python-requests/2.26.0', 'Accept-Encoding': 'gzip, deflate', 'Accept': '*/*', 'Connection': 'keep-alive', 'client_key': '6133b47da382520016a4b582', 'Content-Length': '100', 'Content-Type': 'application/json'} 
 body=b'{"name": "Brian Thompson", "aliases": "Thanos", "age": 3000, "team": "Ordem Negra", "active": false}' 
 </msg>
<msg timestamp="20210904 15:57:17.682" level="INFO">POST Response : url=http://marvel.qaninja.academy/characters/ 
 status=200, reason=OK 
 headers={'Server': 'Cowboy', 'Connection': 'keep-alive', 'X-Powered-By': 'Express', 'Access-Control-Allow-Origin': '*', 'Content-Type': 'application/json; charset=utf-8', 'Content-Length': '159', 'Etag': 'W/"9f-e4N0aqiUNju6nczU8LkVoWuctP0"', 'Date': 'Sat, 04 Sep 2021 18:57:17 GMT', 'Via': '1.1 vegur'} 
 body={"_id":"6133c18da382520016a4b62b","name":"Brian Thompson","age":3000,"aliases":"Thanos","team":"Ordem Negra","active":false,"owner":"6133b47da382520016a4b582"} 
 </msg>
<msg timestamp="20210904 15:57:17.682" level="INFO">${response} = &lt;Response [200]&gt;</msg>
<status status="PASS" starttime="20210904 15:57:17.387" endtime="20210904 15:57:17.682"/>
</kw>
<kw name="Status Should Be" library="RequestsLibrary">
<arg>200</arg>
<arg>${response}</arg>
<doc>Fails if response status code is different than the expected.</doc>
<status status="PASS" starttime="20210904 15:57:17.682" endtime="20210904 15:57:17.683"/>
</kw>
<status status="PASS" starttime="20210904 15:57:15.981" endtime="20210904 15:57:17.683"/>
</test>
<doc>Suite de teste do cadastro de personagens na API da Marvel</doc>
<status status="PASS" starttime="20210904 15:57:15.681" endtime="20210904 15:57:17.684"/>
</suite>
<statistics>
<total>
<stat pass="1" fail="0" skip="0">All Tests</stat>
</total>
<tag>
</tag>
<suite>
<stat pass="1" fail="0" skip="0" id="s1" name="CreateCharaters">CreateCharaters</stat>
</suite>
</statistics>
<errors>
</errors>
</robot>
