<?xml version="1.0" encoding="UTF-8"?>
<robot generator="Robot 4.1 (Python 3.9.6 on darwin)" generated="20210904 20:54:05.384" rpa="false" schemaversion="2">
<suite id="s1" name="CreateCharaters" source="/Users/laylla.rodrigues/Project/marvel-api/specs/CreateCharaters.robot">
<test id="s1-t1" name="Deve cadastrar um personagem">
<kw name="Set Client Key">
<arg>laylla1@gmail.com</arg>
<kw name="Create Dictionary" library="BuiltIn">
<var>&amp;{usuario}</var>
<arg>email=${email}</arg>
<doc>Creates and returns a dictionary based on the given ``items``.</doc>
<msg timestamp="20210904 20:54:05.783" level="INFO">&amp;{usuario} = { email=laylla1@gmail.com }</msg>
<status status="PASS" starttime="20210904 20:54:05.782" endtime="20210904 20:54:05.783"/>
</kw>
<kw name="POST" library="RequestsLibrary">
<var>${response}</var>
<arg>http://marvel.qaninja.academy/accounts</arg>
<arg>json=${usuario}</arg>
<doc>Sends a POST request.</doc>
<msg timestamp="20210904 20:54:06.155" level="INFO">POST Request : url=http://marvel.qaninja.academy/accounts 
 path_url=/accounts 
 headers={'User-Agent': 'python-requests/2.26.0', 'Accept-Encoding': 'gzip, deflate', 'Accept': '*/*', 'Connection': 'keep-alive', 'Content-Length': '30', 'Content-Type': 'application/json'} 
 body=b'{"email": "laylla1@gmail.com"}' 
 </msg>
<msg timestamp="20210904 20:54:06.156" level="INFO">POST Response : url=http://marvel.qaninja.academy/accounts 
 status=200, reason=OK 
 headers={'Server': 'Cowboy', 'Connection': 'keep-alive', 'X-Powered-By': 'Express', 'Access-Control-Allow-Origin': '*', 'Content-Type': 'application/json; charset=utf-8', 'Content-Length': '41', 'Etag': 'W/"29-xFqtiO07McjhLXocOfnmBy+LC1A"', 'Date': 'Sat, 04 Sep 2021 23:54:06 GMT', 'Via': '1.1 vegur'} 
 body={"client_key":"6133cdf2a382520016a4b6f6"} 
 </msg>
<msg timestamp="20210904 20:54:06.156" level="INFO">${response} = &lt;Response [200]&gt;</msg>
<status status="PASS" starttime="20210904 20:54:05.784" endtime="20210904 20:54:06.156"/>
</kw>
<kw name="Set Variable" library="BuiltIn">
<var>${client_key}</var>
<arg>${response.json()}[client_key]</arg>
<doc>Returns the given values which can then be assigned to a variables.</doc>
<msg timestamp="20210904 20:54:06.159" level="INFO">${client_key} = 6133cdf2a382520016a4b6f6</msg>
<status status="PASS" starttime="20210904 20:54:06.157" endtime="20210904 20:54:06.159"/>
</kw>
<kw name="Create Dictionary" library="BuiltIn">
<var>&amp;{HEADERS}</var>
<arg>client_key=${client_key}</arg>
<doc>Creates and returns a dictionary based on the given ``items``.</doc>
<msg timestamp="20210904 20:54:06.159" level="INFO">&amp;{HEADERS} = { client_key=6133cdf2a382520016a4b6f6 }</msg>
<status status="PASS" starttime="20210904 20:54:06.159" endtime="20210904 20:54:06.159"/>
</kw>
<kw name="Set Suite Variable" library="BuiltIn">
<arg>${HEADERS}</arg>
<doc>Makes a variable available everywhere within the scope of the current suite.</doc>
<msg timestamp="20210904 20:54:06.160" level="INFO">${HEADERS} = {'client_key': '6133cdf2a382520016a4b6f6'}</msg>
<status status="PASS" starttime="20210904 20:54:06.160" endtime="20210904 20:54:06.160"/>
</kw>
<status status="PASS" starttime="20210904 20:54:05.781" endtime="20210904 20:54:06.160"/>
</kw>
<kw name="Factory Thanos" library="Thanos">
<var>&amp;{personagem}</var>
<msg timestamp="20210904 20:54:06.161" level="INFO">&amp;{personagem} = { name=Scott Kirk | aliases=Thanos | age=3000 | team=Ordem Negra | active=False }</msg>
<status status="PASS" starttime="20210904 20:54:06.160" endtime="20210904 20:54:06.161"/>
</kw>
<kw name="POST" library="RequestsLibrary">
<var>${response}</var>
<arg>http://marvel.qaninja.academy/characters/</arg>
<arg>json=${personagem}</arg>
<arg>headers=${headers}</arg>
<doc>Sends a POST request.</doc>
<msg timestamp="20210904 20:54:06.465" level="INFO">POST Request : url=http://marvel.qaninja.academy/characters/ 
 path_url=/characters/ 
 headers={'User-Agent': 'python-requests/2.26.0', 'Accept-Encoding': 'gzip, deflate', 'Accept': '*/*', 'Connection': 'keep-alive', 'client_key': '6133cdf2a382520016a4b6f6', 'Content-Length': '96', 'Content-Type': 'application/json'} 
 body=b'{"name": "Scott Kirk", "aliases": "Thanos", "age": 3000, "team": "Ordem Negra", "active": false}' 
 </msg>
<msg timestamp="20210904 20:54:06.466" level="INFO">POST Response : url=http://marvel.qaninja.academy/characters/ 
 status=200, reason=OK 
 headers={'Server': 'Cowboy', 'Connection': 'keep-alive', 'X-Powered-By': 'Express', 'Access-Control-Allow-Origin': '*', 'Content-Type': 'application/json; charset=utf-8', 'Content-Length': '155', 'Etag': 'W/"9b-b8Cfgti+Dmtx2QF7l+Ihr0wiIjc"', 'Date': 'Sat, 04 Sep 2021 23:54:07 GMT', 'Via': '1.1 vegur'} 
 body={"_id":"6134071fa382520016a4bcfd","name":"Scott Kirk","age":3000,"aliases":"Thanos","team":"Ordem Negra","active":false,"owner":"6133cdf2a382520016a4b6f6"} 
 </msg>
<msg timestamp="20210904 20:54:06.467" level="INFO">${response} = &lt;Response [200]&gt;</msg>
<status status="PASS" starttime="20210904 20:54:06.162" endtime="20210904 20:54:06.467"/>
</kw>
<kw name="Status Should Be" library="RequestsLibrary">
<arg>200</arg>
<arg>${response}</arg>
<doc>Fails if response status code is different than the expected.</doc>
<status status="PASS" starttime="20210904 20:54:06.467" endtime="20210904 20:54:06.468"/>
</kw>
<status status="PASS" starttime="20210904 20:54:05.780" endtime="20210904 20:54:06.469"/>
</test>
<doc>Suite de teste do cadastro de personagens na API da Marvel</doc>
<status status="PASS" starttime="20210904 20:54:05.387" endtime="20210904 20:54:06.470"/>
</suite>
<statistics>
<total>
<stat pass="1" fail="0" skip="0">All Tests</stat>
</total>
<tag>
</tag>
<suite>
<stat pass="1" fail="0" skip="0" id="s1" name="CreateCharaters">CreateCharaters</stat>
</suite>
</statistics>
<errors>
</errors>
</robot>
