<?xml version="1.0" encoding="UTF-8"?>
<robot generator="Robot 4.1 (Python 3.9.6 on darwin)" generated="20210905 16:54:23.965" rpa="false" schemaversion="2">
<suite id="s1" name="CreateCharaters" source="/Users/laylla.rodrigues/Project/marvel-api/specs/CreateCharaters.robot">
<test id="s1-t1" name="Deve cadastrar um personagem">
<kw name="Set Client Key" library="Base">
<arg>laylla1@gmail.com</arg>
<kw name="Create Dictionary" library="BuiltIn">
<var>&amp;{usuario}</var>
<arg>email=${email}</arg>
<doc>Creates and returns a dictionary based on the given ``items``.</doc>
<msg timestamp="20210905 16:54:24.219" level="INFO">&amp;{usuario} = { email=laylla1@gmail.com }</msg>
<status status="PASS" starttime="20210905 16:54:24.217" endtime="20210905 16:54:24.219"/>
</kw>
<kw name="POST" library="RequestsLibrary">
<var>${response}</var>
<arg>${BASE_URI}/accounts</arg>
<arg>json=${usuario}</arg>
<doc>Sends a POST request.</doc>
<msg timestamp="20210905 16:54:26.599" level="INFO">POST Request : url=http://marvel.qaninja.academy/accounts 
 path_url=/accounts 
 headers={'User-Agent': 'python-requests/2.26.0', 'Accept-Encoding': 'gzip, deflate', 'Accept': '*/*', 'Connection': 'keep-alive', 'Content-Length': '30', 'Content-Type': 'application/json'} 
 body=b'{"email": "laylla1@gmail.com"}' 
 </msg>
<msg timestamp="20210905 16:54:26.599" level="INFO">POST Response : url=http://marvel.qaninja.academy/accounts 
 status=200, reason=OK 
 headers={'Server': 'Cowboy', 'Connection': 'keep-alive', 'X-Powered-By': 'Express', 'Access-Control-Allow-Origin': '*', 'Content-Type': 'application/json; charset=utf-8', 'Content-Length': '41', 'Etag': 'W/"29-xFqtiO07McjhLXocOfnmBy+LC1A"', 'Date': 'Sun, 05 Sep 2021 19:54:28 GMT', 'Via': '1.1 vegur'} 
 body={"client_key":"6133cdf2a382520016a4b6f6"} 
 </msg>
<msg timestamp="20210905 16:54:26.600" level="INFO">${response} = &lt;Response [200]&gt;</msg>
<status status="PASS" starttime="20210905 16:54:24.219" endtime="20210905 16:54:26.600"/>
</kw>
<kw name="Set Variable" library="BuiltIn">
<var>${client_key}</var>
<arg>${response.json()}[client_key]</arg>
<doc>Returns the given values which can then be assigned to a variables.</doc>
<msg timestamp="20210905 16:54:26.602" level="INFO">${client_key} = 6133cdf2a382520016a4b6f6</msg>
<status status="PASS" starttime="20210905 16:54:26.600" endtime="20210905 16:54:26.602"/>
</kw>
<kw name="Create Dictionary" library="BuiltIn">
<var>&amp;{HEADERS}</var>
<arg>client_key=${client_key}</arg>
<doc>Creates and returns a dictionary based on the given ``items``.</doc>
<msg timestamp="20210905 16:54:26.602" level="INFO">&amp;{HEADERS} = { client_key=6133cdf2a382520016a4b6f6 }</msg>
<status status="PASS" starttime="20210905 16:54:26.602" endtime="20210905 16:54:26.602"/>
</kw>
<kw name="Set Suite Variable" library="BuiltIn">
<arg>${HEADERS}</arg>
<doc>Makes a variable available everywhere within the scope of the current suite.</doc>
<msg timestamp="20210905 16:54:26.603" level="INFO">${HEADERS} = {'client_key': '6133cdf2a382520016a4b6f6'}</msg>
<status status="PASS" starttime="20210905 16:54:26.603" endtime="20210905 16:54:26.603"/>
</kw>
<status status="PASS" starttime="20210905 16:54:24.217" endtime="20210905 16:54:26.603"/>
</kw>
<kw name="Factory Thanos" library="Thanos">
<var>&amp;{personagem}</var>
<msg timestamp="20210905 16:54:26.604" level="INFO">&amp;{personagem} = { name=Misty Rodriguez | aliases=Thanos | age=3000 | team=Ordem Negra | active=False }</msg>
<status status="PASS" starttime="20210905 16:54:26.603" endtime="20210905 16:54:26.604"/>
</kw>
<kw name="POST" library="RequestsLibrary">
<var>${response}</var>
<arg>${BASE_URI}/characters/</arg>
<arg>json=${personagem}</arg>
<arg>headers=${headers}</arg>
<doc>Sends a POST request.</doc>
<msg timestamp="20210905 16:54:26.909" level="INFO">POST Request : url=http://marvel.qaninja.academy/characters/ 
 path_url=/characters/ 
 headers={'User-Agent': 'python-requests/2.26.0', 'Accept-Encoding': 'gzip, deflate', 'Accept': '*/*', 'Connection': 'keep-alive', 'client_key': '6133cdf2a382520016a4b6f6', 'Content-Length': '101', 'Content-Type': 'application/json'} 
 body=b'{"name": "Misty Rodriguez", "aliases": "Thanos", "age": 3000, "team": "Ordem Negra", "active": false}' 
 </msg>
<msg timestamp="20210905 16:54:26.909" level="INFO">POST Response : url=http://marvel.qaninja.academy/characters/ 
 status=200, reason=OK 
 headers={'Server': 'Cowboy', 'Connection': 'keep-alive', 'X-Powered-By': 'Express', 'Access-Control-Allow-Origin': '*', 'Content-Type': 'application/json; charset=utf-8', 'Content-Length': '160', 'Etag': 'W/"a0-oO44ruJjAZzZtHZFpL3q+13Cqh8"', 'Date': 'Sun, 05 Sep 2021 19:54:29 GMT', 'Via': '1.1 vegur'} 
 body={"_id":"61352075ca5c82001601cd16","name":"Misty Rodriguez","age":3000,"aliases":"Thanos","team":"Ordem Negra","active":false,"owner":"6133cdf2a382520016a4b6f6"} 
 </msg>
<msg timestamp="20210905 16:54:26.909" level="INFO">${response} = &lt;Response [200]&gt;</msg>
<status status="PASS" starttime="20210905 16:54:26.605" endtime="20210905 16:54:26.909"/>
</kw>
<kw name="Status Should Be" library="RequestsLibrary">
<arg>200</arg>
<arg>${response}</arg>
<doc>Fails if response status code is different than the expected.</doc>
<status status="PASS" starttime="20210905 16:54:26.910" endtime="20210905 16:54:26.910"/>
</kw>
<status status="PASS" starttime="20210905 16:54:24.216" endtime="20210905 16:54:26.911"/>
</test>
<test id="s1-t2" name="Não deve cadastrar com o mesmo nome">
<kw name="Factory Thanos" library="Thanos">
<var>${personagem}</var>
<msg timestamp="20210905 16:54:26.913" level="INFO">${personagem} = {'name': 'Theresa Aguilar', 'aliases': 'Thanos', 'age': 3000, 'team': 'Ordem Negra', 'active': False}</msg>
<status status="PASS" starttime="20210905 16:54:26.912" endtime="20210905 16:54:26.913"/>
</kw>
<kw name="POST" library="RequestsLibrary">
<arg>${BASE_URI}/characters</arg>
<arg>json=${personagem}</arg>
<arg>headers=${HEADERS}</arg>
<doc>Sends a POST request.</doc>
<msg timestamp="20210905 16:54:27.209" level="INFO">POST Request : url=http://marvel.qaninja.academy/characters 
 path_url=/characters 
 headers={'User-Agent': 'python-requests/2.26.0', 'Accept-Encoding': 'gzip, deflate', 'Accept': '*/*', 'Connection': 'keep-alive', 'client_key': '6133cdf2a382520016a4b6f6', 'Content-Length': '101', 'Content-Type': 'application/json'} 
 body=b'{"name": "Theresa Aguilar", "aliases": "Thanos", "age": 3000, "team": "Ordem Negra", "active": false}' 
 </msg>
<msg timestamp="20210905 16:54:27.209" level="INFO">POST Response : url=http://marvel.qaninja.academy/characters 
 status=200, reason=OK 
 headers={'Server': 'Cowboy', 'Connection': 'keep-alive', 'X-Powered-By': 'Express', 'Access-Control-Allow-Origin': '*', 'Content-Type': 'application/json; charset=utf-8', 'Content-Length': '160', 'Etag': 'W/"a0-LEGlTLN+UZtkwbXhu2iKIwtWTFI"', 'Date': 'Sun, 05 Sep 2021 19:54:29 GMT', 'Via': '1.1 vegur'} 
 body={"_id":"61352075ca5c82001601cd1a","name":"Theresa Aguilar","age":3000,"aliases":"Thanos","team":"Ordem Negra","active":false,"owner":"6133cdf2a382520016a4b6f6"} 
 </msg>
<status status="PASS" starttime="20210905 16:54:26.913" endtime="20210905 16:54:27.209"/>
</kw>
<kw name="POST" library="RequestsLibrary">
<var>${response}</var>
<arg>${BASE_URI}/characters/</arg>
<arg>json=${personagem}</arg>
<arg>headers=${headers}</arg>
<arg>expected_status=any</arg>
<doc>Sends a POST request.</doc>
<msg timestamp="20210905 16:54:27.508" level="INFO">POST Request : url=http://marvel.qaninja.academy/characters/ 
 path_url=/characters/ 
 headers={'User-Agent': 'python-requests/2.26.0', 'Accept-Encoding': 'gzip, deflate', 'Accept': '*/*', 'Connection': 'keep-alive', 'client_key': '6133cdf2a382520016a4b6f6', 'Content-Length': '101', 'Content-Type': 'application/json'} 
 body=b'{"name": "Theresa Aguilar", "aliases": "Thanos", "age": 3000, "team": "Ordem Negra", "active": false}' 
 </msg>
<msg timestamp="20210905 16:54:27.509" level="INFO">POST Response : url=http://marvel.qaninja.academy/characters/ 
 status=409, reason=Conflict 
 headers={'Server': 'Cowboy', 'Connection': 'keep-alive', 'X-Powered-By': 'Express', 'Access-Control-Allow-Origin': '*', 'Content-Type': 'application/json; charset=utf-8', 'Content-Length': '39', 'Etag': 'W/"27-u8CjYCAAYHK/l+EQR0JyKi0LQGU"', 'Date': 'Sun, 05 Sep 2021 19:54:29 GMT', 'Via': '1.1 vegur'} 
 body={"error":"Character already exists :("} 
 </msg>
<msg timestamp="20210905 16:54:27.509" level="INFO">${response} = &lt;Response [409]&gt;</msg>
<status status="PASS" starttime="20210905 16:54:27.209" endtime="20210905 16:54:27.509"/>
</kw>
<kw name="Status Should Be" library="RequestsLibrary">
<arg>409</arg>
<arg>${response}</arg>
<doc>Fails if response status code is different than the expected.</doc>
<status status="PASS" starttime="20210905 16:54:27.510" endtime="20210905 16:54:27.510"/>
</kw>
<status status="PASS" starttime="20210905 16:54:26.911" endtime="20210905 16:54:27.511"/>
</test>
<doc>Suite de teste do cadastro de personagens na API da Marvel</doc>
<status status="PASS" starttime="20210905 16:54:23.969" endtime="20210905 16:54:27.512"/>
</suite>
<statistics>
<total>
<stat pass="2" fail="0" skip="0">All Tests</stat>
</total>
<tag>
</tag>
<suite>
<stat pass="2" fail="0" skip="0" id="s1" name="CreateCharaters">CreateCharaters</stat>
</suite>
</statistics>
<errors>
</errors>
</robot>
